[15-53-05_255] Pi_Cam_Object_Detector:
  BOXED_IMAGES: True
  BOX_TRACKER: True
  BOX_TRACKER_RATIOS: [2, 8]
  CAM_IMAGE_RESOLUTION: [3280, 2464]
  CAM_IMAGE_ROTATION: 0
  CLASS_COLORS: {'sparrow': 'olive', 'great tit': 'green', 'jackdaw': 'yellow', 'robin': 'maroon', 'wood pigeon': 'red', 'mouse': 'white', 'blackbird': 'navy', 'frame': 'silver', 'long tailed tit': 'grey', 'dunnock': 'olivedrab', 'blue tit': 'blue', 'starling': 'fuchsia', 'goldfinch': 'salmon', 'wren': 'teal', 'collared dove': 'orange'}
  CLASS_MIN_SCORE: {}
  CURRENT_IMAGE_NAME: image
  CURRENT_IMAGE_STORE: /XENOPHON/animals-count/CAM-04-TEST
  DETECTION_APERTURE: [640, 640]
  DETECTION_FRAME: [1320.0, 912.0, 1960.0, 1552.0]
  GRAPH: ssd_mobilenet_v1_ppn_shared_box_predictor_300x300_coco14_sync_2018_07_03
  GRAPHS: /THUCYDIDES/animals-count/graphs
  LINE_THICKNESS: 4
  LOG_FREQ: 10
  MAX_BOX_DEVIATION: 10.0
  MAX_BOX_RATIO: 0.0005
  MAX_SEQ: 100
  MIN_BOX_RATIO: 1e-09
  MIN_SCORE: 0.1
  NUM_CLASSES: 80
  RECACHE_GRAPH: False
  STORAGE: 1
  USE_FROZEN_GRAPH: True
[15-53-05_261] Using Tensorflow: 1.12.0
[15-53-50_670] Loaded graph=[./ssd_mobilenet_v1_ppn_shared_box_predictor_300x300_coco14_sync_2018_07_03/frozen_inference_graph.pb]
[15-53-50_670] Loaded categories=[./ssd_mobilenet_v1_ppn_shared_box_predictor_300x300_coco14_sync_2018_07_03/object-detection.pbtxt]
[15-53-50_882] StillCamera: starting ...
[15-54-01_244] StillCamera: started.
2019-02-08 15:54:01 realtime_camera [RT_CAM_001]: already running.
[15-54-43_541] Detections: total=1, seq=1; 41.99s [41.991 s/i, 0.024 i/s].
No class color for category: N/A [86]
No class color for category: bird
No class color for category: bird
No class color for category: umbrella
No class color for category: bird
No class color for category: bird
[15-54-43_839]   moving: dist=[135.71/2], from=(1640, 1232), to=(1613, 1099)
[15-54-47_322] Detections: total=1, seq=1; 3.48s [3.482 s/i, 0.287 i/s].
No class color for category: bird
No class color for category: bird
No class color for category: person
No class color for category: bird
No class color for category: bird
[15-54-47_625]   moving: dist=[121.66/2], from=(1627, 1166), to=(1607, 1046)
[15-54-51_095] Detections: total=1, seq=1; 3.47s [3.469 s/i, 0.288 i/s].
No class color for category: bird
No class color for category: bird
[15-54-51_368]   moving: dist=[170.56/2], from=(1617, 1106), to=(1786, 1129)
[15-54-54_801] Detections: total=1, seq=1; 3.43s [3.433 s/i, 0.291 i/s].
No class color for category: umbrella
No class color for category: umbrella
No class color for category: bird
No class color for category: bird
[15-54-55_097]   moving: dist=[66.41/2], from=(1701, 1117), to=(1638, 1138)
[15-54-58_568] Detections: total=1, seq=1; 3.47s [3.47 s/i, 0.288 i/s].
No class color for category: umbrella
No class color for category: bird
No class color for category: bird
No class color for category: bird
[15-54-58_847]   moving: dist=[53.67/2], from=(1670, 1127), to=(1622, 1151)
2019-02-08 15:55:01 realtime_camera [RT_CAM_001]: already running.
[15-55-02_431] Detections: total=1, seq=1; 3.58s [3.584 s/i, 0.279 i/s].
No class color for category: cow
No class color for category: person
No class color for category: bird
No class color for category: bird
No class color for category: person
No class color for category: bird
No class color for category: person
No class color for category: bird
[15-55-02_741]   moving: dist=[48.26/2], from=(1646, 1139), to=(1606, 1166)